2022-06-11 14:47:49.196 [XNIO-1 task-3] ERROR l.n.m.controller.common.NewBeeMallExceptionHandler - [handleException,38] - com.alipay.api.AlipayApiException: RSA2签名遭遇异常，请检查私钥格式是否正确。私钥[privateKey]不可为空 content=alipay_sdk=alipay-sdk-java-dynamicVersionNo&biz_content={"out_trade_no":"165493006010644833790","product_code":"FAST_INSTANT_TRADE_PAY","total_amount":"605","subject":"支付宝测试","body":"商品描述"}&charset=UTF-8&format=json&method=alipay.trade.page.pay&notify_url=http://localhost:28079/paySuccess?payType=1&orderNo=16549300601064483&return_url=http://localhost:28079/returnOrders/16549300601064483/16&sign_type=RSA2&timestamp=2022-06-11 14:47:49&version=1.0，charset=UTF-8，privateKeySize=0
java.lang.RuntimeException: com.alipay.api.AlipayApiException: RSA2签名遭遇异常，请检查私钥格式是否正确。私钥[privateKey]不可为空 content=alipay_sdk=alipay-sdk-java-dynamicVersionNo&biz_content={"out_trade_no":"165493006010644833790","product_code":"FAST_INSTANT_TRADE_PAY","total_amount":"605","subject":"支付宝测试","body":"商品描述"}&charset=UTF-8&format=json&method=alipay.trade.page.pay&notify_url=http://localhost:28079/paySuccess?payType=1&orderNo=16549300601064483&return_url=http://localhost:28079/returnOrders/16549300601064483/16&sign_type=RSA2&timestamp=2022-06-11 14:47:49&version=1.0，charset=UTF-8，privateKeySize=0
	at com.alipay.api.DefaultSigner.sign(DefaultSigner.java:25)
	at com.alipay.api.AbstractAlipayClient.getRequestHolderWithSign(AbstractAlipayClient.java:841)
	at com.alipay.api.AbstractAlipayClient.pageExecute(AbstractAlipayClient.java:639)
	at com.alipay.api.AbstractAlipayClient.pageExecute(AbstractAlipayClient.java:634)
	at ltd.newbee.mall.controller.mall.OrderController.payOrder(OrderController.java:182)
	at sun.reflect.NativeMethodAccessorImpl.invoke0(Native Method)
	at sun.reflect.NativeMethodAccessorImpl.invoke(NativeMethodAccessorImpl.java:62)
	at sun.reflect.DelegatingMethodAccessorImpl.invoke(DelegatingMethodAccessorImpl.java:43)
	at java.lang.reflect.Method.invoke(Method.java:498)
	at org.springframework.web.method.support.InvocableHandlerMethod.doInvoke(InvocableHandlerMethod.java:205)
	at org.springframework.web.method.support.InvocableHandlerMethod.invokeForRequest(InvocableHandlerMethod.java:150)
	at org.springframework.web.servlet.mvc.method.annotation.ServletInvocableHandlerMethod.invokeAndHandle(ServletInvocableHandlerMethod.java:117)
	at org.springframework.web.servlet.mvc.method.annotation.RequestMappingHandlerAdapter.invokeHandlerMethod(RequestMappingHandlerAdapter.java:895)
	at org.springframework.web.servlet.mvc.method.annotation.RequestMappingHandlerAdapter.handleInternal(RequestMappingHandlerAdapter.java:808)
	at org.springframework.web.servlet.mvc.method.AbstractHandlerMethodAdapter.handle(AbstractHandlerMethodAdapter.java:87)
	at org.springframework.web.servlet.DispatcherServlet.doDispatch(DispatcherServlet.java:1067)
	at org.springframework.web.servlet.DispatcherServlet.doService(DispatcherServlet.java:963)
	at org.springframework.web.servlet.FrameworkServlet.processRequest(FrameworkServlet.java:1006)
	at org.springframework.web.servlet.FrameworkServlet.doGet(FrameworkServlet.java:898)
	at javax.servlet.http.HttpServlet.service(HttpServlet.java:497)
	at org.springframework.web.servlet.FrameworkServlet.service(FrameworkServlet.java:883)
	at javax.servlet.http.HttpServlet.service(HttpServlet.java:584)
	at io.undertow.servlet.handlers.ServletHandler.handleRequest(ServletHandler.java:74)
	at io.undertow.servlet.handlers.FilterHandler$FilterChainImpl.doFilter(FilterHandler.java:129)
	at org.springframework.web.filter.RequestContextFilter.doFilterInternal(RequestContextFilter.java:100)
	at org.springframework.web.filter.OncePerRequestFilter.doFilter(OncePerRequestFilter.java:117)
	at io.undertow.servlet.core.ManagedFilter.doFilter(ManagedFilter.java:61)
	at io.undertow.servlet.handlers.FilterHandler$FilterChainImpl.doFilter(FilterHandler.java:131)
	at org.springframework.web.filter.FormContentFilter.doFilterInternal(FormContentFilter.java:93)
	at org.springframework.web.filter.OncePerRequestFilter.doFilter(OncePerRequestFilter.java:117)
	at io.undertow.servlet.core.ManagedFilter.doFilter(ManagedFilter.java:61)
	at io.undertow.servlet.handlers.FilterHandler$FilterChainImpl.doFilter(FilterHandler.java:131)
	at org.springframework.web.filter.CharacterEncodingFilter.doFilterInternal(CharacterEncodingFilter.java:201)
	at org.springframework.web.filter.OncePerRequestFilter.doFilter(OncePerRequestFilter.java:117)
	at io.undertow.servlet.core.ManagedFilter.doFilter(ManagedFilter.java:61)
	at io.undertow.servlet.handlers.FilterHandler$FilterChainImpl.doFilter(FilterHandler.java:131)
	at io.undertow.servlet.handlers.FilterHandler.handleRequest(FilterHandler.java:84)
	at io.undertow.servlet.handlers.security.ServletSecurityRoleHandler.handleRequest(ServletSecurityRoleHandler.java:62)
	at io.undertow.servlet.handlers.ServletChain$1.handleRequest(ServletChain.java:68)
	at io.undertow.servlet.handlers.ServletDispatchingHandler.handleRequest(ServletDispatchingHandler.java:36)
	at io.undertow.servlet.handlers.RedirectDirHandler.handleRequest(RedirectDirHandler.java:68)
	at io.undertow.servlet.handlers.security.SSLInformationAssociationHandler.handleRequest(SSLInformationAssociationHandler.java:117)
	at io.undertow.servlet.handlers.security.ServletAuthenticationCallHandler.handleRequest(ServletAuthenticationCallHandler.java:57)
	at io.undertow.server.handlers.PredicateHandler.handleRequest(PredicateHandler.java:43)
	at io.undertow.security.handlers.AbstractConfidentialityHandler.handleRequest(AbstractConfidentialityHandler.java:46)
	at io.undertow.servlet.handlers.security.ServletConfidentialityConstraintHandler.handleRequest(ServletConfidentialityConstraintHandler.java:64)
	at io.undertow.security.handlers.AuthenticationMechanismsHandler.handleRequest(AuthenticationMechanismsHandler.java:60)
	at io.undertow.servlet.handlers.security.CachedAuthenticatedSessionHandler.handleRequest(CachedAuthenticatedSessionHandler.java:77)
	at io.undertow.security.handlers.AbstractSecurityContextAssociationHandler.handleRequest(AbstractSecurityContextAssociationHandler.java:43)
	at io.undertow.server.handlers.PredicateHandler.handleRequest(PredicateHandler.java:43)
	at io.undertow.servlet.handlers.SendErrorPageHandler.handleRequest(SendErrorPageHandler.java:52)
	at io.undertow.server.handlers.PredicateHandler.handleRequest(PredicateHandler.java:43)
	at io.undertow.servlet.handlers.ServletInitialHandler.handleFirstRequest(ServletInitialHandler.java:275)
	at io.undertow.servlet.handlers.ServletInitialHandler.access$100(ServletInitialHandler.java:79)
	at io.undertow.servlet.handlers.ServletInitialHandler$2.call(ServletInitialHandler.java:134)
	at io.undertow.servlet.handlers.ServletInitialHandler$2.call(ServletInitialHandler.java:131)
	at io.undertow.servlet.core.ServletRequestContextThreadSetupAction$1.call(ServletRequestContextThreadSetupAction.java:48)
	at io.undertow.servlet.core.ContextClassLoaderSetupAction$1.call(ContextClassLoaderSetupAction.java:43)
	at io.undertow.servlet.handlers.ServletInitialHandler.dispatchRequest(ServletInitialHandler.java:255)
	at io.undertow.servlet.handlers.ServletInitialHandler.access$000(ServletInitialHandler.java:79)
	at io.undertow.servlet.handlers.ServletInitialHandler$1.handleRequest(ServletInitialHandler.java:100)
	at io.undertow.server.Connectors.executeRootHandler(Connectors.java:387)
	at io.undertow.server.HttpServerExchange$1.run(HttpServerExchange.java:852)
	at org.jboss.threads.ContextClassLoaderSavingRunnable.run(ContextClassLoaderSavingRunnable.java:35)
	at org.jboss.threads.EnhancedQueueExecutor.safeRun(EnhancedQueueExecutor.java:2019)
	at org.jboss.threads.EnhancedQueueExecutor$ThreadBody.doRunTask(EnhancedQueueExecutor.java:1558)
	at org.jboss.threads.EnhancedQueueExecutor$ThreadBody.run(EnhancedQueueExecutor.java:1449)
	at org.xnio.XnioWorker$WorkerThreadFactory$1$1.run(XnioWorker.java:1280)
	at java.lang.Thread.run(Thread.java:750)
Caused by: com.alipay.api.AlipayApiException: RSA2签名遭遇异常，请检查私钥格式是否正确。私钥[privateKey]不可为空 content=alipay_sdk=alipay-sdk-java-dynamicVersionNo&biz_content={"out_trade_no":"165493006010644833790","product_code":"FAST_INSTANT_TRADE_PAY","total_amount":"605","subject":"支付宝测试","body":"商品描述"}&charset=UTF-8&format=json&method=alipay.trade.page.pay&notify_url=http://localhost:28079/paySuccess?payType=1&orderNo=16549300601064483&return_url=http://localhost:28079/returnOrders/16549300601064483/16&sign_type=RSA2&timestamp=2022-06-11 14:47:49&version=1.0，charset=UTF-8，privateKeySize=0
	at com.alipay.api.internal.util.asymmetric.BaseAsymmetricEncryptor.sign(BaseAsymmetricEncryptor.java:86)
	at com.alipay.api.internal.util.AlipaySignature.rsaSign(AlipaySignature.java:422)
	at com.alipay.api.DefaultSigner.sign(DefaultSigner.java:23)
	... 68 common frames omitted
Caused by: com.alipay.api.AlipayApiException: 私钥[privateKey]不可为空
	at com.alipay.api.internal.util.asymmetric.BaseAsymmetricEncryptor.sign(BaseAsymmetricEncryptor.java:70)
	... 70 common frames omitted
