2022-06-11 14:42:49.759 [main] INFO  ltd.newbee.mall.NewBeeMallPlusApplication - [logStarting,55] - Starting NewBeeMallPlusApplication using Java 1.8.0_333 on DESKTOP-QQR3F41 with PID 22200 (D:\文稿\idea\newbee-mall-plus-main\target\classes started by joker in D:\文稿\idea\newbee-mall-plus-main)
2022-06-11 14:42:49.765 [main] INFO  ltd.newbee.mall.NewBeeMallPlusApplication - [logStartupProfileInfo,646] - The following 1 profile is active: "dev"
2022-06-11 14:42:51.440 [main] INFO  io.undertow.servlet - [log,382] - Initializing Spring embedded WebApplicationContext
2022-06-11 14:42:52.572 [main] INFO  io.undertow - [start,120] - starting server: Undertow - 2.2.17.Final
2022-06-11 14:42:52.578 [main] INFO  org.xnio - [<clinit>,95] - XNIO version 3.8.6.Final
2022-06-11 14:42:52.583 [main] INFO  org.xnio.nio - [<clinit>,58] - XNIO NIO Implementation Version 3.8.6.Final
2022-06-11 14:42:52.614 [main] INFO  org.jboss.threads - [<clinit>,52] - JBoss Threads version 3.1.0.Final
2022-06-11 14:42:52.667 [main] INFO  ltd.newbee.mall.NewBeeMallPlusApplication - [logStarted,61] - Started NewBeeMallPlusApplication in 3.395 seconds (JVM running for 4.484)
2022-06-11 14:42:52.684 [main] INFO  com.zaxxer.hikari.HikariDataSource - [getConnection,110] - hikariCP - Starting...
2022-06-11 14:42:52.927 [main] INFO  com.zaxxer.hikari.HikariDataSource - [getConnection,123] - hikariCP - Start completed.
2022-06-11 14:44:07.781 [XNIO-1 task-1] INFO  io.undertow.servlet - [log,382] - Initializing Spring DispatcherServlet 'dispatcherServlet'
2022-06-11 14:48:04.138 [XNIO-1 task-3] INFO  ltd.newbee.mall.controller.mall.OrderController - [paySuccess,221] - 支付宝paySuccess通知数据记录：orderNo: 16549300601064483, payType：2
2022-06-11 16:11:33.162 [SpringApplicationShutdownHook] INFO  io.undertow - [stop,259] - stopping server: Undertow - 2.2.17.Final
2022-06-11 16:11:33.170 [SpringApplicationShutdownHook] INFO  io.undertow.servlet - [log,382] - Destroying Spring FrameworkServlet 'dispatcherServlet'
2022-06-11 16:11:33.406 [SpringApplicationShutdownHook] INFO  com.zaxxer.hikari.HikariDataSource - [close,350] - hikariCP - Shutdown initiated...
2022-06-11 16:11:33.437 [SpringApplicationShutdownHook] INFO  com.zaxxer.hikari.HikariDataSource - [close,352] - hikariCP - Shutdown completed.
2022-06-11 16:11:40.743 [main] INFO  ltd.newbee.mall.NewBeeMallPlusApplication - [logStarting,55] - Starting NewBeeMallPlusApplication using Java 1.8.0_333 on DESKTOP-QQR3F41 with PID 700 (D:\文稿\idea\newbee-mall-plus-main\target\classes started by joker in D:\文稿\idea\newbee-mall-plus-main)
2022-06-11 16:11:40.748 [main] INFO  ltd.newbee.mall.NewBeeMallPlusApplication - [logStartupProfileInfo,646] - The following 1 profile is active: "dev"
2022-06-11 16:11:41.991 [main] INFO  io.undertow.servlet - [log,382] - Initializing Spring embedded WebApplicationContext
2022-06-11 16:11:43.161 [main] INFO  io.undertow - [start,120] - starting server: Undertow - 2.2.17.Final
2022-06-11 16:11:43.166 [main] INFO  org.xnio - [<clinit>,95] - XNIO version 3.8.6.Final
2022-06-11 16:11:43.170 [main] INFO  org.xnio.nio - [<clinit>,58] - XNIO NIO Implementation Version 3.8.6.Final
2022-06-11 16:11:43.196 [main] INFO  org.jboss.threads - [<clinit>,52] - JBoss Threads version 3.1.0.Final
2022-06-11 16:11:43.245 [main] INFO  ltd.newbee.mall.NewBeeMallPlusApplication - [logStarted,61] - Started NewBeeMallPlusApplication in 3.113 seconds (JVM running for 4.088)
2022-06-11 16:11:43.259 [main] INFO  com.zaxxer.hikari.HikariDataSource - [getConnection,110] - hikariCP - Starting...
2022-06-11 16:11:43.360 [main] INFO  com.zaxxer.hikari.HikariDataSource - [getConnection,123] - hikariCP - Start completed.
2022-06-11 16:11:43.485 [XNIO-1 task-1] INFO  io.undertow.servlet - [log,382] - Initializing Spring DispatcherServlet 'dispatcherServlet'
2022-06-11 16:11:53.694 [SpringApplicationShutdownHook] INFO  io.undertow - [stop,259] - stopping server: Undertow - 2.2.17.Final
2022-06-11 16:11:53.697 [SpringApplicationShutdownHook] INFO  io.undertow.servlet - [log,382] - Destroying Spring FrameworkServlet 'dispatcherServlet'
2022-06-11 16:11:53.713 [SpringApplicationShutdownHook] INFO  com.zaxxer.hikari.HikariDataSource - [close,350] - hikariCP - Shutdown initiated...
2022-06-11 16:11:53.722 [SpringApplicationShutdownHook] INFO  com.zaxxer.hikari.HikariDataSource - [close,352] - hikariCP - Shutdown completed.
